
  .   ____          _            __ _ _
 /\\ / ___'_ __ _ _(_)_ __  __ _ \ \ \ \
( ( )\___ | '_ | '_| | '_ \/ _` | \ \ \ \
 \\/  ___)| |_)| | | | | || (_| |  ) ) ) )
  '  |____| .__|_| |_|_| |_\__, | / / / /
 =========|_|==============|___/=/_/_/_/

 :: Spring Boot ::                (v3.4.6)

2025-06-13T06:52:16.259+08:00  INFO 5896 --- [           main] com.example.demo.DemoApplication         : Starting DemoApplication v0.0.1-SNAPSHOT using Java 22 with PID 5896 (/Users/event/resume/target/demo-0.0.1-SNAPSHOT.jar started by event in /Users/event/resume)
2025-06-13T06:52:16.260+08:00  INFO 5896 --- [           main] com.example.demo.DemoApplication         : No active profile set, falling back to 1 default profile: "default"
2025-06-13T06:52:16.617+08:00  INFO 5896 --- [           main] .s.d.r.c.RepositoryConfigurationDelegate : Bootstrapping Spring Data JPA repositories in DEFAULT mode.
2025-06-13T06:52:16.648+08:00  INFO 5896 --- [           main] .s.d.r.c.RepositoryConfigurationDelegate : Finished Spring Data repository scanning in 26 ms. Found 1 JPA repository interface.
2025-06-13T06:52:16.947+08:00  INFO 5896 --- [           main] o.s.b.w.embedded.tomcat.TomcatWebServer  : Tomcat initialized with port 8080 (http)
2025-06-13T06:52:16.956+08:00  INFO 5896 --- [           main] o.apache.catalina.core.StandardService   : Starting service [Tomcat]
2025-06-13T06:52:16.957+08:00  INFO 5896 --- [           main] o.apache.catalina.core.StandardEngine    : Starting Servlet engine: [Apache Tomcat/10.1.41]
2025-06-13T06:52:16.972+08:00  INFO 5896 --- [           main] o.a.c.c.C.[Tomcat].[localhost].[/]       : Initializing Spring embedded WebApplicationContext
2025-06-13T06:52:16.973+08:00  INFO 5896 --- [           main] w.s.c.ServletWebServerApplicationContext : Root WebApplicationContext: initialization completed in 688 ms
2025-06-13T06:52:17.057+08:00  INFO 5896 --- [           main] o.hibernate.jpa.internal.util.LogHelper  : HHH000204: Processing PersistenceUnitInfo [name: default]
2025-06-13T06:52:17.086+08:00  INFO 5896 --- [           main] org.hibernate.Version                    : HHH000412: Hibernate ORM core version 6.6.15.Final
2025-06-13T06:52:17.103+08:00  INFO 5896 --- [           main] o.h.c.internal.RegionFactoryInitiator    : HHH000026: Second-level cache disabled
2025-06-13T06:52:17.243+08:00  INFO 5896 --- [           main] o.s.o.j.p.SpringPersistenceUnitInfo      : No LoadTimeWeaver setup: ignoring JPA class transformer
2025-06-13T06:52:17.261+08:00  INFO 5896 --- [           main] com.zaxxer.hikari.HikariDataSource       : HikariPool-1 - Starting...
2025-06-13T06:52:17.389+08:00  INFO 5896 --- [           main] com.zaxxer.hikari.pool.HikariPool        : HikariPool-1 - Added connection conn0: url=jdbc:h2:file:./data/demo-db user=SA
2025-06-13T06:52:17.390+08:00  INFO 5896 --- [           main] com.zaxxer.hikari.HikariDataSource       : HikariPool-1 - Start completed.
2025-06-13T06:52:17.401+08:00  WARN 5896 --- [           main] org.hibernate.orm.deprecation            : HHH90000025: H2Dialect does not need to be specified explicitly using 'hibernate.dialect' (remove the property setting and it will be selected by default)
2025-06-13T06:52:17.411+08:00  INFO 5896 --- [           main] org.hibernate.orm.connections.pooling    : HHH10001005: Database info:
	Database JDBC URL [Connecting through datasource 'HikariDataSource (HikariPool-1)']
	Database driver: undefined/unknown
	Database version: 2.3.232
	Autocommit mode: undefined/unknown
	Isolation level: undefined/unknown
	Minimum pool size: undefined/unknown
	Maximum pool size: undefined/unknown
2025-06-13T06:52:17.754+08:00  INFO 5896 --- [           main] o.h.e.t.j.p.i.JtaPlatformInitiator       : HHH000489: No JTA platform available (set 'hibernate.transaction.jta.platform' to enable JTA platform integration)
2025-06-13T06:52:17.785+08:00  INFO 5896 --- [           main] j.LocalContainerEntityManagerFactoryBean : Initialized JPA EntityManagerFactory for persistence unit 'default'
2025-06-13T06:52:17.923+08:00  WARN 5896 --- [           main] JpaBaseConfiguration$JpaWebConfiguration : spring.jpa.open-in-view is enabled by default. Therefore, database queries may be performed during view rendering. Explicitly configure spring.jpa.open-in-view to disable this warning
2025-06-13T06:52:18.105+08:00  INFO 5896 --- [           main] o.s.b.a.h2.H2ConsoleAutoConfiguration    : H2 console available at '/h2-console'. Database available at 'jdbc:h2:file:./data/demo-db'
2025-06-13T06:52:18.149+08:00  INFO 5896 --- [           main] o.s.b.w.embedded.tomcat.TomcatWebServer  : Tomcat started on port 8080 (http) with context path '/'
2025-06-13T06:52:18.159+08:00  INFO 5896 --- [           main] com.example.demo.DemoApplication         : Started DemoApplication in 2.147 seconds (process running for 2.429)
2025-06-13T06:52:22.782+08:00  INFO 5896 --- [nio-8080-exec-1] o.a.c.c.C.[Tomcat].[localhost].[/]       : Initializing Spring DispatcherServlet 'dispatcherServlet'
2025-06-13T06:52:22.782+08:00  INFO 5896 --- [nio-8080-exec-1] o.s.web.servlet.DispatcherServlet        : Initializing Servlet 'dispatcherServlet'
2025-06-13T06:52:22.783+08:00  INFO 5896 --- [nio-8080-exec-1] o.s.web.servlet.DispatcherServlet        : Completed initialization in 1 ms
2025-06-13T07:49:31.877+08:00  WARN 5896 --- [l-1 housekeeper] com.zaxxer.hikari.pool.HikariPool        : HikariPool-1 - Thread starvation or clock leap detected (housekeeper delta=2m44s186ms).
